<?xml version="1.0" encoding="UTF-8"?>
<!-- Generated by org.testng.reporters.JUnitReportReporter -->
<testsuite hostname="TYSS-Amar" failures="0" tests="2" name="TestNG.BeforeclassAfterClass" time="0.024" errors="0" timestamp="2024-12-30T11:28:30 IST" skipped="0">
  <testcase classname="TestNG.BeforeclassAfterClass" name="search" time="0.020"/>
  <system-out/>
  <testcase classname="TestNG.BeforeclassAfterClass" name="advanceSearch" time="0.004"/>
  <system-out/>
</testsuite> <!-- TestNG.BeforeclassAfterClass -->
