<?xml version="1.0" encoding="UTF-8"?>
<!-- Generated by org.testng.reporters.JUnitReportReporter -->
<testsuite hostname="TYSS-Amar" failures="0" tests="3" name="TestNG.Grouping.SignUp" time="0.018" errors="0" timestamp="2025-01-18T09:26:13 IST" skipped="0">
  <testcase classname="TestNG.Grouping.SignUp" name="signUpEmail" time="0.014"/>
  <system-out/>
  <testcase classname="TestNG.Grouping.SignUp" name="signupFb" time="0.002"/>
  <system-out/>
  <testcase classname="TestNG.Grouping.SignUp" name="signUpTwitter" time="0.002"/>
  <system-out/>
</testsuite> <!-- TestNG.Grouping.SignUp -->
