<?xml version="1.0" encoding="UTF-8"?>
<!-- Generated by org.testng.reporters.JUnitReportReporter -->
<testsuite hostname="TYSS-Amar" failures="0" tests="3" name="TestNG.DataProvider.Practice" time="80.708" errors="0" timestamp="2025-02-04T18:01:39 IST" skipped="0">
  <testcase classname="TestNG.DataProvider.Practice" name="launch" time="32.481"/>
  <system-out/>
  <testcase classname="TestNG.DataProvider.Practice" name="login" time="32.664"/>
  <system-out/>
  <testcase classname="TestNG.DataProvider.Practice" name="login" time="15.563"/>
  <system-out/>
</testsuite> <!-- TestNG.DataProvider.Practice -->
