<?xml version="1.0" encoding="UTF-8"?>
<!-- Generated by org.testng.reporters.JUnitReportReporter -->
<testsuite hostname="TYSS-Amar" failures="0" tests="6" name="TestNG.ParallelExecution.Parraleexecution" time="4.209" errors="0" timestamp="2025-01-09T13:21:37 IST" skipped="0">
  <testcase classname="TestNG.ParallelExecution.Parraleexecution" name="testLoginemail" time="1.777"/>
  <system-out/>
  <testcase classname="TestNG.ParallelExecution.Parraleexecution" name="testLoginemail" time="0.127"/>
  <system-out/>
  <testcase classname="TestNG.ParallelExecution.Parraleexecution" name="testLoginemail" time="1.638"/>
  <system-out/>
  <testcase classname="TestNG.ParallelExecution.Parraleexecution" name="testLoginpassword" time="0.486"/>
  <system-out/>
  <testcase classname="TestNG.ParallelExecution.Parraleexecution" name="testLoginpassword" time="0.061"/>
  <system-out/>
  <testcase classname="TestNG.ParallelExecution.Parraleexecution" name="testLoginpassword" time="0.120"/>
  <system-out/>
</testsuite> <!-- TestNG.ParallelExecution.Parraleexecution -->
