<?xml version="1.0" encoding="UTF-8"?>
<!-- Generated by org.testng.reporters.JUnitReportReporter -->
<testsuite hostname="TYSS-Amar" failures="0" tests="1" name="POM.LoginTest" time="3.582" errors="0" timestamp="2024-10-20T14:54:47 IST" skipped="0">
  <testcase classname="POM.LoginTest" name="testLogin" time="3.582"/>
  <system-out/>
</testsuite> <!-- POM.LoginTest -->
