<?xml version="1.0" encoding="UTF-8"?>
<!-- Generated by org.testng.reporters.JUnitReportReporter -->
<testsuite hostname="TYSS-Amar" failures="0" tests="2" name="UploadingFile.practice" time="0.036" errors="0" timestamp="2024-12-31T17:46:56 IST" skipped="0">
  <testcase classname="UploadingFile.practice" name="display" time="0.033"/>
  <system-out/>
  <testcase classname="UploadingFile.practice" name="display" time="0.003"/>
  <system-out/>
</testsuite> <!-- UploadingFile.practice -->
