<?xml version="1.0" encoding="UTF-8"?>
<!-- Generated by org.testng.reporters.JUnitReportReporter -->
<testsuite hostname="TYSS-Amar" failures="0" tests="3" name="TestNG.Grouping.LoginTest" time="0.015" errors="0" timestamp="2024-12-31T12:44:58 IST" skipped="0">
  <testcase classname="TestNG.Grouping.LoginTest" name="loginEmail" time="0.013"/>
  <system-out/>
  <testcase classname="TestNG.Grouping.LoginTest" name="loginFb" time="0.001"/>
  <system-out/>
  <testcase classname="TestNG.Grouping.LoginTest" name="loginTwitter" time="0.001"/>
  <system-out/>
</testsuite> <!-- TestNG.Grouping.LoginTest -->
