<?xml version="1.0" encoding="UTF-8"?>
<!-- Generated by org.testng.reporters.JUnitReportReporter -->
<testsuite hostname="TYSS-Amar" failures="0" tests="2" name="TestNG.Pack.C3" time="0.006" errors="0" timestamp="2024-10-06T14:04:54 IST" skipped="0">
  <testcase classname="TestNG.Pack.C3" name="pqr" time="0.003"/>
  <system-out/>
  <testcase classname="TestNG.Pack.C3" name="pqr" time="0.003"/>
  <system-out/>
</testsuite> <!-- TestNG.Pack.C3 -->
