<?xml version="1.0" encoding="UTF-8"?>
<!-- Generated by org.testng.reporters.JUnitReportReporter -->
<testsuite hostname="TYSS-Amar" failures="0" tests="5" name="TestNG.dependency.Dependency_example" time="0.093" errors="0" timestamp="2024-12-30T12:39:06 IST" skipped="0">
  <testcase classname="TestNG.dependency.Dependency_example" name="logout" time="0.077"/>
  <system-out/>
  <testcase classname="TestNG.dependency.Dependency_example" name="openApp" time="0.003"/>
  <system-out/>
  <testcase classname="TestNG.dependency.Dependency_example" name="login" time="0.004"/>
  <system-out/>
  <testcase classname="TestNG.dependency.Dependency_example" name="advancesearch" time="0.006"/>
  <system-out/>
  <testcase classname="TestNG.dependency.Dependency_example" name="search" time="0.003"/>
  <system-out/>
</testsuite> <!-- TestNG.dependency.Dependency_example -->
