<?xml version="1.0" encoding="UTF-8"?>
<!-- Generated by org.testng.reporters.JUnitReportReporter -->
<testsuite hostname="TYSS-Amar" failures="0" tests="2" name="TestNG.DataProvider.hhaha" time="30.917" errors="0" timestamp="2025-02-04T18:33:56 IST" skipped="0">
  <testcase classname="TestNG.DataProvider.hhaha" name="login" time="30.441"/>
  <system-out/>
  <testcase classname="TestNG.DataProvider.hhaha" name="login" time="0.476"/>
  <system-out/>
</testsuite> <!-- TestNG.DataProvider.hhaha -->
