<?xml version="1.0" encoding="UTF-8"?>
<!-- Generated by org.testng.reporters.JUnitReportReporter -->
<testsuite hostname="TYSS-Amar" failures="0" tests="3" name="TestNG.FirstTestCase" time="0.029" errors="0" timestamp="2024-12-30T11:29:25 IST" skipped="0">
  <testcase classname="TestNG.FirstTestCase" name="openApp" time="0.023"/>
  <system-out/>
  <testcase classname="TestNG.FirstTestCase" name="login" time="0.002"/>
  <system-out/>
  <testcase classname="TestNG.FirstTestCase" name="logout" time="0.004"/>
  <system-out/>
</testsuite> <!-- TestNG.FirstTestCase -->
