<?xml version="1.0" encoding="UTF-8"?>
<!-- Generated by org.testng.reporters.JUnitReportReporter -->
<testsuite hostname="TYSS-Amar" failures="0" tests="4" name="TestNG.OrangeHRMtest" time="18.488" errors="0" timestamp="2024-12-10T13:02:42 IST" skipped="0">
  <testcase classname="TestNG.OrangeHRMtest" name="openApplication" time="6.007"/>
  <system-out/>
  <testcase classname="TestNG.OrangeHRMtest" name="TestLogo" time="9.852"/>
  <system-out/>
  <testcase classname="TestNG.OrangeHRMtest" name="Login" time="1.466"/>
  <system-out/>
  <testcase classname="TestNG.OrangeHRMtest" name="logout" time="1.163"/>
  <system-out/>
</testsuite> <!-- TestNG.OrangeHRMtest -->
