<?xml version="1.0" encoding="UTF-8"?>
<!-- Generated by org.testng.reporters.JUnitReportReporter -->
<testsuite hostname="TYSS-Amar" failures="0" tests="2" name="TestNG.Pack.AllAnnotations" time="0.034" errors="0" timestamp="2024-10-21T09:34:21 IST" skipped="0">
  <testcase classname="TestNG.Pack.AllAnnotations" name="test2" time="0.007"/>
  <system-out/>
  <testcase classname="TestNG.Pack.AllAnnotations" name="test1" time="0.027"/>
  <system-out/>
</testsuite> <!-- TestNG.Pack.AllAnnotations -->
