<?xml version="1.0" encoding="UTF-8"?>
<!-- Generated by org.testng.reporters.JUnitReportReporter -->
<testsuite hostname="TYSS-Amar" failures="0" tests="1" name="TestNG.Pack.C1" time="0.006" errors="0" timestamp="2024-10-21T10:33:06 IST" skipped="0">
  <testcase classname="TestNG.Pack.C1" name="abc" time="0.006"/>
  <system-out/>
</testsuite> <!-- TestNG.Pack.C1 -->
