<?xml version="1.0" encoding="UTF-8"?>
<!-- Generated by org.testng.reporters.JUnitReportReporter -->
<testsuite hostname="TYSS-Amar" failures="0" tests="2" name="TestNG.AnnotationsExmp1" time="0.051" errors="0" timestamp="2025-04-04T15:31:28 IST" skipped="0">
  <testcase classname="TestNG.AnnotationsExmp1" name="search" time="0.027"/>
  <system-out/>
  <testcase classname="TestNG.AnnotationsExmp1" name="advancedSearch" time="0.024"/>
  <system-out/>
</testsuite> <!-- TestNG.AnnotationsExmp1 -->
