<?xml version="1.0" encoding="UTF-8"?>
<!-- Generated by org.testng.reporters.JUnitReportReporter -->
<testsuite hostname="TYSS-Amar" failures="0" tests="2" name="TestNG.Grouping.payments" time="0.022" errors="0" timestamp="2024-12-31T12:43:58 IST" skipped="0">
  <testcase classname="TestNG.Grouping.payments" name="paymenstInRuppes" time="0.021"/>
  <system-out/>
  <testcase classname="TestNG.Grouping.payments" name="paymenstInDollers" time="0.001"/>
  <system-out/>
</testsuite> <!-- TestNG.Grouping.payments -->
