<?xml version="1.0" encoding="UTF-8"?>
<!-- Generated by org.testng.reporters.JUnitReportReporter -->
<testsuite hostname="TYSS-Amar" failures="0" tests="1" name="POM_Using_Page_Factory.LoginTest" time="10.084" errors="0" timestamp="2024-10-20T15:58:24 IST" skipped="0">
  <testcase classname="POM_Using_Page_Factory.LoginTest" name="testlogin" time="10.084"/>
  <system-out/>
</testsuite> <!-- POM_Using_Page_Factory.LoginTest -->
